{"$message_type":"diagnostic","message":"linking with `link.exe` failed: exit code: 1104","code":null,"level":"error","spans":[],"children":[{"message":"\"C:\\\\Program Files (x86)\\\\Microsoft Visual Studio\\\\2022\\\\BuildTools\\\\VC\\\\Tools\\\\MSVC\\\\14.44.35207\\\\bin\\\\HostX64\\\\x64\\\\link.exe\" \"/DEF:C:\\\\Users\\\\rafae\\\\AppData\\\\Local\\\\Temp\\\\rustc2VMUsj\\\\lib.def\" \"/NOLOGO\" \"C:\\\\Users\\\\rafae\\\\AppData\\\\Local\\\\Temp\\\\rustc2VMUsj\\\\symbols.o\" \"<16 object files omitted>\" \"C:\\\\Users\\\\rafae\\\\AppData\\\\Local\\\\Temp\\\\rustc2VMUsj\\\\rmeta.o\" \"<1 object files omitted>\" \"C:\\\\Users\\\\rafae\\\\OneDrive\\\\Documentos\\\\01. Rafael Oliveira Da Silva\\\\Estudos\\\\01-FACULDADE ADS\\\\Data Structure Strategy and Implementation\\\\mega_store_search\\\\target\\\\debug\\\\deps/{libsyn-56000df64611b101,libquote-14eacdb86c1efb4d,libproc_macro2-3dfec584ab36ca92,libunicode_ident-189ca15178b593cc}.rlib\" \"<sysroot>\\\\lib\\\\rustlib\\\\x86_64-pc-windows-msvc\\\\lib/{libproc_macro-*,librustc_literal_escaper-*,librustc_std_workspace_std-*,libstd-*,libpanic_unwind-*,libwindows_targets-*,librustc_demangle-*,libstd_detect-*,libhashbrown-*,librustc_std_workspace_alloc-*,libunwind-*,libcfg_if-*,librustc_std_workspace_core-*,liballoc-*,libcore-*,libcompiler_builtins-*}.rlib\" \"kernel32.lib\" \"kernel32.lib\" \"kernel32.lib\" \"ntdll.lib\" \"userenv.lib\" \"ws2_32.lib\" \"dbghelp.lib\" \"/defaultlib:msvcrt\" \"/NXCOMPAT\" \"/OUT:C:\\\\Users\\\\rafae\\\\OneDrive\\\\Documentos\\\\01. Rafael Oliveira Da Silva\\\\Estudos\\\\01-FACULDADE ADS\\\\Data Structure Strategy and Implementation\\\\mega_store_search\\\\target\\\\debug\\\\deps\\\\serde_derive-94cbd0043e061ee3.dll\" \"/OPT:REF,NOICF\" \"/DLL\" \"/IMPLIB:C:\\\\Users\\\\rafae\\\\OneDrive\\\\Documentos\\\\01. Rafael Oliveira Da Silva\\\\Estudos\\\\01-FACULDADE ADS\\\\Data Structure Strategy and Implementation\\\\mega_store_search\\\\target\\\\debug\\\\deps\\\\serde_derive-94cbd0043e061ee3.dll.lib\" \"/DEBUG\" \"/PDBALTPATH:%_PDB%\" \"/NATVIS:<sysroot>\\\\lib\\\\rustlib\\\\etc\\\\intrinsic.natvis\" \"/NATVIS:<sysroot>\\\\lib\\\\rustlib\\\\etc\\\\liballoc.natvis\" \"/NATVIS:<sysroot>\\\\lib\\\\rustlib\\\\etc\\\\libcore.natvis\" \"/NATVIS:<sysroot>\\\\lib\\\\rustlib\\\\etc\\\\libstd.natvis\"","code":null,"level":"note","spans":[],"children":[],"rendered":null},{"message":"some arguments are omitted. use `--verbose` to show all linker arguments","code":null,"level":"note","spans":[],"children":[],"rendered":null},{"message":"LINK : fatal error LNK1104: não é possível abrir o arquivo 'C:\\Users\\rafae\\OneDrive\\Documentos\\01. Rafael Oliveira Da Silva\\Estudos\\01-FACULDADE ADS\\Data Structure Strategy and Implementation\\mega_store_search\\target\\debug\\deps\\serde_derive-94cbd0043e061ee3.serde_derive.7014b2777fcdd957-cgu.01.rcgu.o'\r\n","code":null,"level":"note","spans":[],"children":[],"rendered":null}],"rendered":"\u001b[0m\u001b[1m\u001b[38;5;9merror\u001b[0m\u001b[0m\u001b[1m\u001b[38;5;15m: linking with `link.exe` failed: exit code: 1104\u001b[0m\n\u001b[0m  \u001b[0m\u001b[0m\u001b[1m\u001b[38;5;14m|\u001b[0m\n\u001b[0m  \u001b[0m\u001b[0m\u001b[1m\u001b[38;5;14m= \u001b[0m\u001b[0m\u001b[1m\u001b[38;5;15mnote\u001b[0m\u001b[0m: \"C:\\\\Program Files (x86)\\\\Microsoft Visual Studio\\\\2022\\\\BuildTools\\\\VC\\\\Tools\\\\MSVC\\\\14.44.35207\\\\bin\\\\HostX64\\\\x64\\\\link.exe\" \"/DEF:C:\\\\Users\\\\rafae\\\\AppData\\\\Local\\\\Temp\\\\rustc2VMUsj\\\\lib.def\" \"/NOLOGO\" \"C:\\\\Users\\\\rafae\\\\AppData\\\\Local\\\\Temp\\\\rustc2VMUsj\\\\symbols.o\" \"<16 object files omitted>\" \"C:\\\\Users\\\\rafae\\\\AppData\\\\Local\\\\Temp\\\\rustc2VMUsj\\\\rmeta.o\" \"<1 object files omitted>\" \"C:\\\\Users\\\\rafae\\\\OneDrive\\\\Documentos\\\\01. Rafael Oliveira Da Silva\\\\Estudos\\\\01-FACULDADE ADS\\\\Data Structure Strategy and Implementation\\\\mega_store_search\\\\target\\\\debug\\\\deps/{libsyn-56000df64611b101,libquote-14eacdb86c1efb4d,libproc_macro2-3dfec584ab36ca92,libunicode_ident-189ca15178b593cc}.rlib\" \"<sysroot>\\\\lib\\\\rustlib\\\\x86_64-pc-windows-msvc\\\\lib/{libproc_macro-*,librustc_literal_escaper-*,librustc_std_workspace_std-*,libstd-*,libpanic_unwind-*,libwindows_targets-*,librustc_demangle-*,libstd_detect-*,libhashbrown-*,librustc_std_workspace_alloc-*,libunwind-*,libcfg_if-*,librustc_std_workspace_core-*,liballoc-*,libcore-*,libcompiler_builtins-*}.rlib\" \"kernel32.lib\" \"kernel32.lib\" \"kernel32.lib\" \"ntdll.lib\" \"userenv.lib\" \"ws2_32.lib\" \"dbghelp.lib\" \"/defaultlib:msvcrt\" \"/NXCOMPAT\" \"/OUT:C:\\\\Users\\\\rafae\\\\OneDrive\\\\Documentos\\\\01. Rafael Oliveira Da Silva\\\\Estudos\\\\01-FACULDADE ADS\\\\Data Structure Strategy and Implementation\\\\mega_store_search\\\\target\\\\debug\\\\deps\\\\serde_derive-94cbd0043e061ee3.dll\" \"/OPT:REF,NOICF\" \"/DLL\" \"/IMPLIB:C:\\\\Users\\\\rafae\\\\OneDrive\\\\Documentos\\\\01. Rafael Oliveira Da Silva\\\\Estudos\\\\01-FACULDADE ADS\\\\Data Structure Strategy and Implementation\\\\mega_store_search\\\\target\\\\debug\\\\deps\\\\serde_derive-94cbd0043e061ee3.dll.lib\" \"/DEBUG\" \"/PDBALTPATH:%_PDB%\" \"/NATVIS:<sysroot>\\\\lib\\\\rustlib\\\\etc\\\\intrinsic.natvis\" \"/NATVIS:<sysroot>\\\\lib\\\\rustlib\\\\etc\\\\liballoc.natvis\" \"/NATVIS:<sysroot>\\\\lib\\\\rustlib\\\\etc\\\\libcore.natvis\" \"/NATVIS:<sysroot>\\\\lib\\\\rustlib\\\\etc\\\\libstd.natvis\"\u001b[0m\n\u001b[0m  \u001b[0m\u001b[0m\u001b[1m\u001b[38;5;14m= \u001b[0m\u001b[0m\u001b[1m\u001b[38;5;15mnote\u001b[0m\u001b[0m: some arguments are omitted. use `--verbose` to show all linker arguments\u001b[0m\n\u001b[0m  \u001b[0m\u001b[0m\u001b[1m\u001b[38;5;14m= \u001b[0m\u001b[0m\u001b[1m\u001b[38;5;15mnote\u001b[0m\u001b[0m: LINK : fatal error LNK1104: não é possível abrir o arquivo 'C:\\Users\\rafae\\OneDrive\\Documentos\\01. Rafael Oliveira Da Silva\\Estudos\\01-FACULDADE ADS\\Data Structure Strategy and Implementation\\mega_store_search\\target\\debug\\deps\\serde_derive-94cbd0043e061ee3.serde_derive.7014b2777fcdd957-cgu.01.rcgu.o'␍\u001b[0m\n\u001b[0m          \u001b[0m\n\n"}
{"$message_type":"diagnostic","message":"aborting due to 1 previous error","code":null,"level":"error","spans":[],"children":[],"rendered":"\u001b[0m\u001b[1m\u001b[38;5;9merror\u001b[0m\u001b[0m\u001b[1m\u001b[38;5;15m: aborting due to 1 previous error\u001b[0m\n\n"}
